<?xml version="1.0" encoding="UTF-8"?>
<!-- Generated by org.testng.reporters.JUnitReportReporter -->
<testsuite skipped="0" name="com.Settings.InstaMasters.instahmsmasters.testcases.TC_003_dischargeTypes" tests="1" failures="0" timestamp="18 Dec 2019 13:41:43 GMT" time="17.459" errors="0">
  <testcase name="createDischargeType" time="17.459" classname="com.Settings.InstaMasters.instahmsmasters.testcases.TC_003_dischargeTypes"/>
</testsuite> <!-- com.Settings.InstaMasters.instahmsmasters.testcases.TC_003_dischargeTypes -->
