<?xml version="1.0" encoding="UTF-8"?>
<!-- Generated by org.testng.reporters.JUnitReportReporter -->
<testsuite skipped="0" name="com.instahmsmasters.testcases.TC_HomePage" tests="1" failures="0" timestamp="09 Aug 2019 05:57:06 GMT" time="29.919" errors="0">
  <testcase name="HomePage" time="29.919" classname="com.instahmsmasters.testcases.TC_HomePage"/>
</testsuite> <!-- com.instahmsmasters.testcases.TC_HomePage -->
