<?xml version="1.0" encoding="UTF-8"?>
<!-- Generated by org.testng.reporters.JUnitReportReporter -->
<testsuite skipped="0" name="com.instahmsmasters.testcases.TC_001_Login" tests="1" failures="0" timestamp="25 Jul 2019 10:16:28 GMT" time="6.097" errors="0">
  <testcase name="LoginPage" time="6.097" classname="com.instahmsmasters.testcases.TC_001_Login"/>
</testsuite> <!-- com.instahmsmasters.testcases.TC_001_Login -->
