<?xml version="1.0" encoding="UTF-8"?>
<!-- Generated by org.testng.reporters.JUnitReportReporter -->
<testsuite skipped="0" name="com.instahmsmasters.testcases.TC_003_dischargeTypes" tests="1" failures="0" timestamp="23 Aug 2019 06:06:28 GMT" time="9.197" errors="0">
  <testcase name="createDischargeType" time="9.197" classname="com.instahmsmasters.testcases.TC_003_dischargeTypes"/>
</testsuite> <!-- com.instahmsmasters.testcases.TC_003_dischargeTypes -->
