<?xml version="1.0" encoding="UTF-8"?>
<!-- Generated by org.testng.reporters.JUnitReportReporter -->
<testsuite skipped="0" name="com.instahmsmasters.testcases.TC_005_CreateDiagDepartments" tests="1" failures="0" timestamp="17 Dec 2019 09:11:01 GMT" time="11.682" errors="0">
  <testcase name="createDiagMaster" time="11.682" classname="com.instahmsmasters.testcases.TC_005_CreateDiagDepartments"/>
</testsuite> <!-- com.instahmsmasters.testcases.TC_005_CreateDiagDepartments -->
