<?xml version="1.0" encoding="UTF-8"?>
<!-- Generated by org.testng.reporters.JUnitReportReporter -->
<testsuite skipped="0" name="com.Settings.InstaMasters.instahmsmasters.testcases.TC_001_CreatingHospitalRolesMasters" tests="1" failures="0" timestamp="17 Dec 2019 10:29:43 GMT" time="14.907" errors="0">
  <testcase name="HospitalRoles" time="14.907" classname="com.Settings.InstaMasters.instahmsmasters.testcases.TC_001_CreatingHospitalRolesMasters"/>
</testsuite> <!-- com.Settings.InstaMasters.instahmsmasters.testcases.TC_001_CreatingHospitalRolesMasters -->
