<?xml version="1.0" encoding="UTF-8"?>
<!-- Generated by org.testng.reporters.JUnitReportReporter -->
<testsuite skipped="0" name="com.instahmsmasters.testcases.TC_004_EditRolesMaster" tests="1" failures="0" timestamp="13 Dec 2019 09:03:44 GMT" time="11.669" errors="0">
  <testcase name="hospitalRolesEdit" time="11.669" classname="com.instahmsmasters.testcases.TC_004_EditRolesMaster"/>
</testsuite> <!-- com.instahmsmasters.testcases.TC_004_EditRolesMaster -->
