<?xml version="1.0" encoding="UTF-8"?>
<!-- Generated by org.testng.reporters.JUnitReportReporter -->
<testsuite skipped="0" name="com.instahmsmasters.testcases.TC_001_CreatingHospitalRolesMasters" tests="1" failures="0" timestamp="17 Dec 2019 10:08:20 GMT" time="15.190" errors="0">
  <testcase name="HospitalRoles" time="15.190" classname="com.instahmsmasters.testcases.TC_001_CreatingHospitalRolesMasters"/>
</testsuite> <!-- com.instahmsmasters.testcases.TC_001_CreatingHospitalRolesMasters -->
