<?xml version="1.0" encoding="UTF-8"?>
<!-- Generated by org.testng.reporters.JUnitReportReporter -->
<testsuite skipped="0" name="com.instahmsmasters.testcases.TC_001" tests="1" failures="0" timestamp="16 Aug 2019 12:59:47 GMT" time="17.669" errors="0">
  <testcase name="HospitalRoles" time="17.669" classname="com.instahmsmasters.testcases.TC_001"/>
</testsuite> <!-- com.instahmsmasters.testcases.TC_001 -->
