<?xml version="1.0" encoding="UTF-8"?>
<!-- Generated by org.testng.reporters.JUnitReportReporter -->
<testsuite skipped="0" name="com.instahmsmasters.testcases.TC_001_hospitalAdminMasters" tests="1" failures="0" timestamp="23 Aug 2019 04:32:11 GMT" time="13.145" errors="0">
  <testcase name="HospitalRoles" time="13.145" classname="com.instahmsmasters.testcases.TC_001_hospitalAdminMasters"/>
</testsuite> <!-- com.instahmsmasters.testcases.TC_001_hospitalAdminMasters -->
