<?xml version="1.0" encoding="UTF-8"?>
<!-- Generated by org.testng.reporters.JUnitReportReporter -->
<testsuite skipped="0" name="com.instahmsmasters.testcases.TC_002_departmentMaster" tests="1" failures="0" timestamp="23 Aug 2019 04:32:11 GMT" time="8.510" errors="0">
  <testcase name="department" time="8.510" classname="com.instahmsmasters.testcases.TC_002_departmentMaster"/>
</testsuite> <!-- com.instahmsmasters.testcases.TC_002_departmentMaster -->
