<?xml version="1.0" encoding="UTF-8"?>
<!-- Generated by org.testng.reporters.JUnitReportReporter -->
<testsuite skipped="0" name="com.instahms.generics.RegPage" tests="1" failures="0" timestamp="17 Dec 2019 09:30:07 GMT" time="43.841" errors="0">
  <testcase name="Registration" time="43.841" classname="com.instahms.generics.RegPage"/>
</testsuite> <!-- com.instahms.generics.RegPage -->
