<?xml version="1.0" encoding="UTF-8"?>
<!-- Generated by org.testng.reporters.JUnitReportReporter -->
<testsuite skipped="0" name="com.instahmsmasters.testcases.TC_001_Login" tests="1" failures="0" timestamp="09 Aug 2019 05:49:39 GMT" time="24.991" errors="0">
  <testcase name="LoginPage" time="24.991" classname="com.instahmsmasters.testcases.TC_001_Login"/>
</testsuite> <!-- com.instahmsmasters.testcases.TC_001_Login -->
