<?xml version="1.0" encoding="UTF-8"?>
<!-- Generated by org.testng.reporters.JUnitReportReporter -->
<testsuite skipped="0" name="com.instahms.generics.RegPage" tests="1" failures="0" timestamp="22 Aug 2019 12:55:57 GMT" time="43.172" errors="0">
  <testcase name="Registration" time="43.172" classname="com.instahms.generics.RegPage"/>
</testsuite> <!-- com.instahms.generics.RegPage -->
